<?xml version="1.0" encoding="UTF-8"?>
<!-- Generated by org.testng.reporters.JUnitReportReporter -->
<testsuite hostname="MAVPUN0522057" failures="0" tests="2" name="com.maveric.project.SampleTestClass1" time="0.007" errors="0" timestamp="2024-06-18T12:46:29 IST" skipped="0">
  <testcase classname="com.maveric.project.SampleTestClass1" name="sampleTest2TestScenario2" time="0.006"/>
  <testcase classname="com.maveric.project.SampleTestClass1" name="sampleTest1TestScenario1" time="0.001"/>
</testsuite> <!-- com.maveric.project.SampleTestClass1 -->
