<?xml version="1.0" encoding="UTF-8"?>
<!-- Generated by org.testng.reporters.JUnitReportReporter -->
<testsuite hostname="MAVPUN0522057" failures="0" tests="2" name="com.maveric.project.TestSuite" time="0.005" errors="0" timestamp="2024-06-18T12:16:27 IST" skipped="0">
  <testcase classname="com.maveric.project.TestSuite" name="beforeSuite" time="0.001"/>
  <testcase classname="com.maveric.project.TestSuite" name="afterSuite" time="0.004"/>
</testsuite> <!-- com.maveric.project.TestSuite -->
