<?xml version="1.0" encoding="UTF-8"?>
<!-- Generated by org.testng.reporters.JUnitReportReporter -->
<testsuite hostname="MAVPUN0522057" failures="0" tests="2" name="com.maveric.project.SampleTestClass2" time="0.005" errors="0" timestamp="2024-06-18T12:15:07 IST" skipped="0">
  <testcase classname="com.maveric.project.SampleTestClass2" name="sampleTestBeforeTest" time="0.003"/>
  <testcase classname="com.maveric.project.SampleTestClass2" name="sampleTestAfterTest" time="0.002"/>
</testsuite> <!-- com.maveric.project.SampleTestClass2 -->
