<?xml version="1.0" encoding="UTF-8"?>
<!-- Generated by org.testng.reporters.JUnitReportReporter -->
<testsuite hostname="MAVPUN0522057" failures="0" tests="2" name="com.maveric.git.test.LoginTest" time="11.466" errors="0" timestamp="2024-06-20T17:02:13 IST" skipped="0">
  <testcase classname="com.maveric.git.test.LoginTest" name="test2" time="6.458"/>
  <testcase classname="com.maveric.git.test.LoginTest" name="test1" time="5.008"/>
</testsuite> <!-- com.maveric.git.test.LoginTest -->
