<?xml version="1.0" encoding="UTF-8"?>
<!-- Generated by org.testng.reporters.JUnitReportReporter -->
<testsuite hostname="MAVPUN0522057" failures="0" tests="9" name="com.maveric.project.test.RestApiTest" time="5.283" errors="0" timestamp="2024-07-02T13:08:28 IST" skipped="6">
  <testcase classname="com.maveric.project.test.RestApiTest" name="test9" time="0.961"/>
  <testcase classname="com.maveric.project.test.RestApiTest" name="test10" time="2.158"/>
  <testcase classname="com.maveric.project.test.RestApiTest" name="test8" time="2.164"/>
  <testcase classname="com.maveric.project.test.RestApiTest" name="test5">
    <skipped/>
  </testcase> <!-- test5 -->
  <testcase classname="com.maveric.project.test.RestApiTest" name="test4">
    <skipped/>
  </testcase> <!-- test4 -->
  <testcase classname="com.maveric.project.test.RestApiTest" name="test3">
    <skipped/>
  </testcase> <!-- test3 -->
  <testcase classname="com.maveric.project.test.RestApiTest" name="test2">
    <skipped/>
  </testcase> <!-- test2 -->
  <testcase classname="com.maveric.project.test.RestApiTest" name="test6">
    <skipped/>
  </testcase> <!-- test6 -->
  <testcase classname="com.maveric.project.test.RestApiTest" name="test1">
    <skipped/>
  </testcase> <!-- test1 -->
</testsuite> <!-- com.maveric.project.test.RestApiTest -->
