<?xml version="1.0" encoding="UTF-8"?>
<!-- Generated by org.testng.reporters.JUnitReportReporter -->
<testsuite hostname="MAVPUN0522057" failures="0" tests="2" name="com.maveric.project.test.SecuredFakeApiTest" time="2.841" errors="0" timestamp="2024-07-03T10:36:48 IST" skipped="0">
  <testcase classname="com.maveric.project.test.SecuredFakeApiTest" name="test1" time="2.084"/>
  <testcase classname="com.maveric.project.test.SecuredFakeApiTest" name="test2" time="0.757"/>
</testsuite> <!-- com.maveric.project.test.SecuredFakeApiTest -->
